Determining if the pthread_create exist failed with the following output:
Change Dir: /home/l/teleop_pioneer_slam/build/theora_image_transport/CMakeFiles/CMakeTmp

Run Build Command:"/usr/bin/make" "cmTC_815fa/fast"
/usr/bin/make -f CMakeFiles/cmTC_815fa.dir/build.make CMakeFiles/cmTC_815fa.dir/build
make[1]: Entering directory '/home/l/teleop_pioneer_slam/build/theora_image_transport/CMakeFiles/CMakeTmp'
Building C object CMakeFiles/cmTC_815fa.dir/CheckSymbolExists.c.o
/usr/bin/cc     -o CMakeFiles/cmTC_815fa.dir/CheckSymbolExists.c.o   -c /home/l/teleop_pioneer_slam/build/theora_image_transport/CMakeFiles/CMakeTmp/CheckSymbolExists.c
Linking C executable cmTC_815fa
/usr/bin/cmake -E cmake_link_script CMakeFiles/cmTC_815fa.dir/link.txt --verbose=1
/usr/bin/cc       CMakeFiles/cmTC_815fa.dir/CheckSymbolExists.c.o  -o cmTC_815fa -rdynamic 
CMakeFiles/cmTC_815fa.dir/CheckSymbolExists.c.o: In function `main':
CheckSymbolExists.c:(.text+0x16): undefined reference to `pthread_create'
collect2: error: ld returned 1 exit status
CMakeFiles/cmTC_815fa.dir/build.make:97: recipe for target 'cmTC_815fa' failed
make[1]: *** [cmTC_815fa] Error 1
make[1]: Leaving directory '/home/l/teleop_pioneer_slam/build/theora_image_transport/CMakeFiles/CMakeTmp'
Makefile:126: recipe for target 'cmTC_815fa/fast' failed
make: *** [cmTC_815fa/fast] Error 2

File /home/l/teleop_pioneer_slam/build/theora_image_transport/CMakeFiles/CMakeTmp/CheckSymbolExists.c:
/* */
#include <pthread.h>

int main(int argc, char** argv)
{
  (void)argv;
#ifndef pthread_create
  return ((int*)(&pthread_create))[argc];
#else
  (void)argc;
  return 0;
#endif
}

Determining if the function pthread_create exists in the pthreads failed with the following output:
Change Dir: /home/l/teleop_pioneer_slam/build/theora_image_transport/CMakeFiles/CMakeTmp

Run Build Command:"/usr/bin/make" "cmTC_33726/fast"
/usr/bin/make -f CMakeFiles/cmTC_33726.dir/build.make CMakeFiles/cmTC_33726.dir/build
make[1]: Entering directory '/home/l/teleop_pioneer_slam/build/theora_image_transport/CMakeFiles/CMakeTmp'
Building C object CMakeFiles/cmTC_33726.dir/CheckFunctionExists.c.o
/usr/bin/cc    -DCHECK_FUNCTION_EXISTS=pthread_create   -o CMakeFiles/cmTC_33726.dir/CheckFunctionExists.c.o   -c /usr/share/cmake-3.5/Modules/CheckFunctionExists.c
Linking C executable cmTC_33726
/usr/bin/cmake -E cmake_link_script CMakeFiles/cmTC_33726.dir/link.txt --verbose=1
/usr/bin/cc   -DCHECK_FUNCTION_EXISTS=pthread_create    CMakeFiles/cmTC_33726.dir/CheckFunctionExists.c.o  -o cmTC_33726 -rdynamic -lpthreads 
/usr/bin/ld: cannot find -lpthreads
collect2: error: ld returned 1 exit status
CMakeFiles/cmTC_33726.dir/build.make:97: recipe for target 'cmTC_33726' failed
make[1]: *** [cmTC_33726] Error 1
make[1]: Leaving directory '/home/l/teleop_pioneer_slam/build/theora_image_transport/CMakeFiles/CMakeTmp'
Makefile:126: recipe for target 'cmTC_33726/fast' failed
make: *** [cmTC_33726/fast] Error 2


