[[36mpolled_camera[0m] [1m[34m==>[0m '[1m/home/l/teleop_pioneer_slam/build/polled_camera/build_env.sh /usr/bin/make cmake_check_build_system[0m' [30m[1min[0m '[1m/home/l/teleop_pioneer_slam/build/polled_camera[0m'[0m
[[36mpolled_camera[0m] [32m<==[0m '[1m/home/l/teleop_pioneer_slam/build/polled_camera/build_env.sh /usr/bin/make cmake_check_build_system[0m' finished with return code '[1m0[0m'[0m
[[36mpolled_camera[0m] [1m[34m==>[0m '[1m/home/l/teleop_pioneer_slam/build/polled_camera/build_env.sh /usr/bin/make --jobserver-fds=3,5 -j[0m' [30m[1min[0m '[1m/home/l/teleop_pioneer_slam/build/polled_camera[0m'[0m
[  0%] Built target std_msgs_generate_messages_eus
[  0%] Built target std_msgs_generate_messages_py
[  0%] Built target sensor_msgs_generate_messages_py
[  0%] Built target sensor_msgs_generate_messages_eus
[  0%] Built target sensor_msgs_generate_messages_cpp
[  0%] Built target std_msgs_generate_messages_cpp
[  0%] Built target std_msgs_generate_messages_lisp
[  0%] Built target _polled_camera_generate_messages_check_deps_GetPolledImage
[  0%] Built target sensor_msgs_generate_messages_lisp
[  0%] Built target sensor_msgs_generate_messages_nodejs
[  0%] Built target std_msgs_generate_messages_nodejs
[  0%] Built target roscpp_generate_messages_lisp
[  0%] Built target rosgraph_msgs_generate_messages_py
[  0%] Built target roscpp_generate_messages_nodejs
[  0%] Built target rosgraph_msgs_generate_messages_lisp
[  0%] Built target rosgraph_msgs_generate_messages_nodejs
[  0%] Built target rosgraph_msgs_generate_messages_cpp
[  0%] Built target geometry_msgs_generate_messages_lisp
[  0%] Built target roscpp_generate_messages_cpp
[  0%] Built target roscpp_generate_messages_eus
[  0%] Built target geometry_msgs_generate_messages_eus
[  0%] Built target geometry_msgs_generate_messages_cpp
[  0%] Built target rosgraph_msgs_generate_messages_eus
[  0%] Built target roscpp_generate_messages_py
[  0%] Built target geometry_msgs_generate_messages_nodejs
[  0%] Built target geometry_msgs_generate_messages_py
[ 18%] Built target polled_camera_generate_messages_py
[ 27%] Built target polled_camera_generate_messages_cpp
[ 45%] Built target polled_camera_generate_messages_eus
[ 54%] Built target polled_camera_generate_messages_lisp
[ 63%] Built target polled_camera_generate_messages_nodejs
[ 63%] Built target polled_camera_generate_messages
[ 81%] Built target polled_camera
[100%] Built target poller
[[36mpolled_camera[0m] [32m<==[0m '[1m/home/l/teleop_pioneer_slam/build/polled_camera/build_env.sh /usr/bin/make --jobserver-fds=3,5 -j[0m' finished with return code '[1m0[0m'[0m
