[[36mtheora_image_transport[0m] [1m[34m==>[0m '[1m/home/l/teleop_pioneer_slam/build/theora_image_transport/build_env.sh /usr/bin/make cmake_check_build_system[0m' [30m[1min[0m '[1m/home/l/teleop_pioneer_slam/build/theora_image_transport[0m'[0m
[[36mtheora_image_transport[0m] [32m<==[0m '[1m/home/l/teleop_pioneer_slam/build/theora_image_transport/build_env.sh /usr/bin/make cmake_check_build_system[0m' finished with return code '[1m0[0m'[0m
[[36mtheora_image_transport[0m] [1m[34m==>[0m '[1m/home/l/teleop_pioneer_slam/build/theora_image_transport/build_env.sh /usr/bin/make --jobserver-fds=3,5 -j[0m' [30m[1min[0m '[1m/home/l/teleop_pioneer_slam/build/theora_image_transport[0m'[0m
[ 13%] Built target theora_image_transport_gencfg
[ 13%] Built target std_msgs_generate_messages_cpp
[ 13%] Built target std_msgs_generate_messages_py
[ 13%] Built target std_msgs_generate_messages_lisp
[ 13%] Built target std_msgs_generate_messages_eus
[ 13%] Built target _theora_image_transport_generate_messages_check_deps_Packet
[ 13%] Built target std_msgs_generate_messages_nodejs
[ 26%] Built target theora_image_transport_generate_messages_eus
[ 33%] Built target theora_image_transport_generate_messages_cpp
[ 46%] Built target theora_image_transport_generate_messages_py
[ 53%] Built target theora_image_transport_generate_messages_lisp
[ 60%] Built target theora_image_transport_generate_messages_nodejs
[ 60%] Built target theora_image_transport_gencpp
[ 60%] Built target theora_image_transport_generate_messages
[ 73%] Built target ogg_saver
[100%] Built target theora_image_transport
[[36mtheora_image_transport[0m] [32m<==[0m '[1m/home/l/teleop_pioneer_slam/build/theora_image_transport/build_env.sh /usr/bin/make --jobserver-fds=3,5 -j[0m' finished with return code '[1m0[0m'[0m
