Determining if the pthread_create exist failed with the following output:
Change Dir: /home/l/teleop_pioneer_slam/build/polled_camera/CMakeFiles/CMakeTmp

Run Build Command:"/usr/bin/make" "cmTC_da658/fast"
/usr/bin/make -f CMakeFiles/cmTC_da658.dir/build.make CMakeFiles/cmTC_da658.dir/build
make[1]: Entering directory '/home/l/teleop_pioneer_slam/build/polled_camera/CMakeFiles/CMakeTmp'
Building C object CMakeFiles/cmTC_da658.dir/CheckSymbolExists.c.o
/usr/bin/cc     -o CMakeFiles/cmTC_da658.dir/CheckSymbolExists.c.o   -c /home/l/teleop_pioneer_slam/build/polled_camera/CMakeFiles/CMakeTmp/CheckSymbolExists.c
Linking C executable cmTC_da658
/usr/bin/cmake -E cmake_link_script CMakeFiles/cmTC_da658.dir/link.txt --verbose=1
/usr/bin/cc       CMakeFiles/cmTC_da658.dir/CheckSymbolExists.c.o  -o cmTC_da658 -rdynamic 
CMakeFiles/cmTC_da658.dir/CheckSymbolExists.c.o: In function `main':
CheckSymbolExists.c:(.text+0x16): undefined reference to `pthread_create'
collect2: error: ld returned 1 exit status
CMakeFiles/cmTC_da658.dir/build.make:97: recipe for target 'cmTC_da658' failed
make[1]: *** [cmTC_da658] Error 1
make[1]: Leaving directory '/home/l/teleop_pioneer_slam/build/polled_camera/CMakeFiles/CMakeTmp'
Makefile:126: recipe for target 'cmTC_da658/fast' failed
make: *** [cmTC_da658/fast] Error 2

File /home/l/teleop_pioneer_slam/build/polled_camera/CMakeFiles/CMakeTmp/CheckSymbolExists.c:
/* */
#include <pthread.h>

int main(int argc, char** argv)
{
  (void)argv;
#ifndef pthread_create
  return ((int*)(&pthread_create))[argc];
#else
  (void)argc;
  return 0;
#endif
}

Determining if the function pthread_create exists in the pthreads failed with the following output:
Change Dir: /home/l/teleop_pioneer_slam/build/polled_camera/CMakeFiles/CMakeTmp

Run Build Command:"/usr/bin/make" "cmTC_e3beb/fast"
/usr/bin/make -f CMakeFiles/cmTC_e3beb.dir/build.make CMakeFiles/cmTC_e3beb.dir/build
make[1]: Entering directory '/home/l/teleop_pioneer_slam/build/polled_camera/CMakeFiles/CMakeTmp'
Building C object CMakeFiles/cmTC_e3beb.dir/CheckFunctionExists.c.o
/usr/bin/cc    -DCHECK_FUNCTION_EXISTS=pthread_create   -o CMakeFiles/cmTC_e3beb.dir/CheckFunctionExists.c.o   -c /usr/share/cmake-3.5/Modules/CheckFunctionExists.c
Linking C executable cmTC_e3beb
/usr/bin/cmake -E cmake_link_script CMakeFiles/cmTC_e3beb.dir/link.txt --verbose=1
/usr/bin/cc   -DCHECK_FUNCTION_EXISTS=pthread_create    CMakeFiles/cmTC_e3beb.dir/CheckFunctionExists.c.o  -o cmTC_e3beb -rdynamic -lpthreads 
/usr/bin/ld: cannot find -lpthreads
collect2: error: ld returned 1 exit status
CMakeFiles/cmTC_e3beb.dir/build.make:97: recipe for target 'cmTC_e3beb' failed
make[1]: *** [cmTC_e3beb] Error 1
make[1]: Leaving directory '/home/l/teleop_pioneer_slam/build/polled_camera/CMakeFiles/CMakeTmp'
Makefile:126: recipe for target 'cmTC_e3beb/fast' failed
make: *** [cmTC_e3beb/fast] Error 2


