Determining if the pthread_create exist failed with the following output:
Change Dir: /home/l/teleop_pioneer_slam/build/image_common/CMakeFiles/CMakeTmp

Run Build Command:"/usr/bin/make" "cmTC_37e6c/fast"
/usr/bin/make -f CMakeFiles/cmTC_37e6c.dir/build.make CMakeFiles/cmTC_37e6c.dir/build
make[1]: Entering directory '/home/l/teleop_pioneer_slam/build/image_common/CMakeFiles/CMakeTmp'
Building C object CMakeFiles/cmTC_37e6c.dir/CheckSymbolExists.c.o
/usr/bin/cc     -o CMakeFiles/cmTC_37e6c.dir/CheckSymbolExists.c.o   -c /home/l/teleop_pioneer_slam/build/image_common/CMakeFiles/CMakeTmp/CheckSymbolExists.c
Linking C executable cmTC_37e6c
/usr/bin/cmake -E cmake_link_script CMakeFiles/cmTC_37e6c.dir/link.txt --verbose=1
/usr/bin/cc       CMakeFiles/cmTC_37e6c.dir/CheckSymbolExists.c.o  -o cmTC_37e6c -rdynamic 
CMakeFiles/cmTC_37e6c.dir/CheckSymbolExists.c.o: In function `main':
CheckSymbolExists.c:(.text+0x16): undefined reference to `pthread_create'
collect2: error: ld returned 1 exit status
CMakeFiles/cmTC_37e6c.dir/build.make:97: recipe for target 'cmTC_37e6c' failed
make[1]: *** [cmTC_37e6c] Error 1
make[1]: Leaving directory '/home/l/teleop_pioneer_slam/build/image_common/CMakeFiles/CMakeTmp'
Makefile:126: recipe for target 'cmTC_37e6c/fast' failed
make: *** [cmTC_37e6c/fast] Error 2

File /home/l/teleop_pioneer_slam/build/image_common/CMakeFiles/CMakeTmp/CheckSymbolExists.c:
/* */
#include <pthread.h>

int main(int argc, char** argv)
{
  (void)argv;
#ifndef pthread_create
  return ((int*)(&pthread_create))[argc];
#else
  (void)argc;
  return 0;
#endif
}

Determining if the function pthread_create exists in the pthreads failed with the following output:
Change Dir: /home/l/teleop_pioneer_slam/build/image_common/CMakeFiles/CMakeTmp

Run Build Command:"/usr/bin/make" "cmTC_0c29c/fast"
/usr/bin/make -f CMakeFiles/cmTC_0c29c.dir/build.make CMakeFiles/cmTC_0c29c.dir/build
make[1]: Entering directory '/home/l/teleop_pioneer_slam/build/image_common/CMakeFiles/CMakeTmp'
Building C object CMakeFiles/cmTC_0c29c.dir/CheckFunctionExists.c.o
/usr/bin/cc    -DCHECK_FUNCTION_EXISTS=pthread_create   -o CMakeFiles/cmTC_0c29c.dir/CheckFunctionExists.c.o   -c /usr/share/cmake-3.5/Modules/CheckFunctionExists.c
Linking C executable cmTC_0c29c
/usr/bin/cmake -E cmake_link_script CMakeFiles/cmTC_0c29c.dir/link.txt --verbose=1
/usr/bin/cc   -DCHECK_FUNCTION_EXISTS=pthread_create    CMakeFiles/cmTC_0c29c.dir/CheckFunctionExists.c.o  -o cmTC_0c29c -rdynamic -lpthreads 
/usr/bin/ld: cannot find -lpthreads
collect2: error: ld returned 1 exit status
CMakeFiles/cmTC_0c29c.dir/build.make:97: recipe for target 'cmTC_0c29c' failed
make[1]: *** [cmTC_0c29c] Error 1
make[1]: Leaving directory '/home/l/teleop_pioneer_slam/build/image_common/CMakeFiles/CMakeTmp'
Makefile:126: recipe for target 'cmTC_0c29c/fast' failed
make: *** [cmTC_0c29c/fast] Error 2


