Determining if the pthread_create exist failed with the following output:
Change Dir: /home/l/teleop_pioneer_slam/build/image_transport_plugins/CMakeFiles/CMakeTmp

Run Build Command:"/usr/bin/make" "cmTC_d81cc/fast"
/usr/bin/make -f CMakeFiles/cmTC_d81cc.dir/build.make CMakeFiles/cmTC_d81cc.dir/build
make[1]: Entering directory '/home/l/teleop_pioneer_slam/build/image_transport_plugins/CMakeFiles/CMakeTmp'
Building C object CMakeFiles/cmTC_d81cc.dir/CheckSymbolExists.c.o
/usr/bin/cc     -o CMakeFiles/cmTC_d81cc.dir/CheckSymbolExists.c.o   -c /home/l/teleop_pioneer_slam/build/image_transport_plugins/CMakeFiles/CMakeTmp/CheckSymbolExists.c
Linking C executable cmTC_d81cc
/usr/bin/cmake -E cmake_link_script CMakeFiles/cmTC_d81cc.dir/link.txt --verbose=1
/usr/bin/cc       CMakeFiles/cmTC_d81cc.dir/CheckSymbolExists.c.o  -o cmTC_d81cc -rdynamic 
CMakeFiles/cmTC_d81cc.dir/CheckSymbolExists.c.o: In function `main':
CheckSymbolExists.c:(.text+0x16): undefined reference to `pthread_create'
collect2: error: ld returned 1 exit status
CMakeFiles/cmTC_d81cc.dir/build.make:97: recipe for target 'cmTC_d81cc' failed
make[1]: *** [cmTC_d81cc] Error 1
make[1]: Leaving directory '/home/l/teleop_pioneer_slam/build/image_transport_plugins/CMakeFiles/CMakeTmp'
Makefile:126: recipe for target 'cmTC_d81cc/fast' failed
make: *** [cmTC_d81cc/fast] Error 2

File /home/l/teleop_pioneer_slam/build/image_transport_plugins/CMakeFiles/CMakeTmp/CheckSymbolExists.c:
/* */
#include <pthread.h>

int main(int argc, char** argv)
{
  (void)argv;
#ifndef pthread_create
  return ((int*)(&pthread_create))[argc];
#else
  (void)argc;
  return 0;
#endif
}

Determining if the function pthread_create exists in the pthreads failed with the following output:
Change Dir: /home/l/teleop_pioneer_slam/build/image_transport_plugins/CMakeFiles/CMakeTmp

Run Build Command:"/usr/bin/make" "cmTC_3b35d/fast"
/usr/bin/make -f CMakeFiles/cmTC_3b35d.dir/build.make CMakeFiles/cmTC_3b35d.dir/build
make[1]: Entering directory '/home/l/teleop_pioneer_slam/build/image_transport_plugins/CMakeFiles/CMakeTmp'
Building C object CMakeFiles/cmTC_3b35d.dir/CheckFunctionExists.c.o
/usr/bin/cc    -DCHECK_FUNCTION_EXISTS=pthread_create   -o CMakeFiles/cmTC_3b35d.dir/CheckFunctionExists.c.o   -c /usr/share/cmake-3.5/Modules/CheckFunctionExists.c
Linking C executable cmTC_3b35d
/usr/bin/cmake -E cmake_link_script CMakeFiles/cmTC_3b35d.dir/link.txt --verbose=1
/usr/bin/cc   -DCHECK_FUNCTION_EXISTS=pthread_create    CMakeFiles/cmTC_3b35d.dir/CheckFunctionExists.c.o  -o cmTC_3b35d -rdynamic -lpthreads 
/usr/bin/ld: cannot find -lpthreads
collect2: error: ld returned 1 exit status
CMakeFiles/cmTC_3b35d.dir/build.make:97: recipe for target 'cmTC_3b35d' failed
make[1]: *** [cmTC_3b35d] Error 1
make[1]: Leaving directory '/home/l/teleop_pioneer_slam/build/image_transport_plugins/CMakeFiles/CMakeTmp'
Makefile:126: recipe for target 'cmTC_3b35d/fast' failed
make: *** [cmTC_3b35d/fast] Error 2


